649047078
3392888870
1228006186
1731855884
844543240
1792081119
1866089419
1048198218
1306524661
3360760011
3004622278
456994306
1931136046
2839754574
325631199
2566136411
3955001680
1183185441
3519945626
1867368795
2984589877
511056740
2221215488
594247361
1989161505
3354969968
2885196202
4089324874
1347541733
93861088
3678661918
4040466508
101440673
2181277102
976389410
3100721928
1347256904
876088203
2069571028
651443932
1595607191
1264668615
674019015
4038503461
1586276762
1039405845
3573818272
70520123
1984172286
1776276629
1492236828
3454020269
3719007277
2099828396
172114900
1509048925
3861627070
3415892544
2037244888
2669571576
1872663775
3826006320
3168259215
2798423222
1532296583
1054026953
3531599636
1437416993
394144300
2129115282
4098978765
1529210775
3688368519
3443099070
3746047197
1843953580
1744803637
4020162294
199608561
2998306941
2752878299
3342134430
2358831726
4004476212
1311965749
976258888
2514404641
1283625559
3424500537
4195410492
2730133238
3704349464
317397829
1166126871
3608366110
754377333
2574354829
1313385209
2351923767
2591464903
4269690751
2764881531
458406557
1410397904
1749119271
3810762553
2428317124
3325834610
586438210
1861856522
1932830241
1757921063
2961491942
3238697197
1720856073
3854936503
1947093663
2628348125
1604573773
3976765830
117580376
3682885219
3805216244
20783373
691417191
2037238179
2099494167
1309398785
3610350019
2129931534
1945374175
1726983518
3875734986
3752641476
3841017105
3852173122
3354358748
2718578564
657092205
872289003
2403290771
2249437700
4285084042
3845629905
3101444823
535400405
3485511099
3195486986
3606018117
2116389367
191460422
1784141212
815412077
2840224621
1865510321
3932121386
3687797445
426504906
4060559081
558664614
793315687
822497025
1293164786
1291472165
2513468856
2071911302
2552469337
1607417463
1388110092
2694611050
2883149100
354201986
3793507624
3116421922
4185841222
3544633079
125658745
790080576
3572806363
1122664457
2831208285
1400516823
1367691801
3047709807
467945253
2446798115
3937379349
3191899231
2642402123
880932893
2449073602
2052854715
4155775782
1412787297
898273019
3655668545
2704860603
329986942
1787483263
2350122128
2317350315
3109504541
4266139659
3923379271
2848884149
1531470418
4094230887
1259074065
3610914028
2494063474
943546112
579642150
902721594
2466559364
437869623
1789852065
3418761769
3709004983
3970714423
1085783149
1683013019
867327996
2054947707
4015812221
2157605384
1844306074
1947836642
1027740123
1457693853
2868662503
3481786635
1105898555
3197227473
1449371104
2265402391
4022396464
3670132402
1156423299
57699877
932977281
1404397372
283772739
4189463672
1663040622
155301690
1474210388
1209452158
3501585477
723406088
3938829152
1975974922
3389690250
790348820
886486178
3434400988
2524464169
1627473151
2821594643
2203137953
2938717858
3547731476
4181894686
752421142
2244121384
141147707
620089378
1628006836
16003100
707407359
1246933043
3886379353
3476275880
3463612171
572929920
1140992836
2317501888
3782309138
4265359514
3880949946
2404481322
3252358033
464102424
2702818063
3780919469
1127959085
3658626444
936155538
3329397696
3042599906
2208335457
1661314971
1629879984
344552253
1230364737
182305414
1733979484
3922937268
1926990854
1173601981
2049651580
3701426463
422440828
4121050504
3818312752
970093531
1983178957
784257268
1561311587
36911015
1620762025
3253756057
1958334051
4287814912
51305689
2356783604
2437237491
1471439909
2825745119
4152328248
2705791792
1249293781
2507098245
3683601249
1427240041
1811774075
2193406197
3710413191
1769617310
1633438053
4141046014
334912380
2814859299
4065139793
3337892480
3050084444
1102810033
3037808602
1161302479
416438335
759959972
1181273303
3068839944
3037924611
59985328
3662976489
313842944
4004699494
1077437361
3121593641
1955820838
1995317240
4155780614
3792483008
4013201060
2010140873
3068310000
177457119
1336475058
1351522443
446505913
632621311
3377685585
2067300666
2951972963
1456426809
1438538327
3406892531
1104567018
2586980737
1761194624
3887624026
3056898814
307014842
1720402561
1624855939
1754292937
1947409121
2759066749
3344410216
1171724068
1876175381
3475547219
3229817333
3779664018
1557425482
608196653
3166260710
2511784682
1859834936
2994374728
1701186800
2679643276
2172710460
380908980
2883582084
2286690831
4237123187
275100879
2392678384
3653148963
1430019290
4011413244
2138153188
4286250122
3246317707
1900092705
7628815
4111144982
470826535
313386686
327592608
3709075672
2856892872
1678026305
473530624
426922497
381203289
2360970613
2914342050
2485165723
2068982989
3285851624
171047908
1660045079
1067597133
2117099492
4123255991
1367476672
3608944160
1371998865
489479827
3880698283
3807498257
2617069315
211752898
899273618
3341334471
4172238605
26723656
2922371848
1590651105
3745073008
1040570401
3643686730
2235150773
1450330297
3904263333
3437226862
3834147514
262627963
1186230298
1418653323
235581206
451307368
2622897030
3259105801
3034194296
3208149917
2075284664
3876645775
1318874991
1098985143
1592676681
264938917
260872787
3103161428
1787947442
3216742682
4010324959
1719675692
3151211410
1567222143
3099328011
1702350647
2666914659
1121523542
3827018960
1531187256
83606678
2780631063
1515564780
2273019315
2213368980
1309574516
2297393737
3972792676
901346476
3158662434
4063828617
2760857937
98485482
1605363209
3872340550
701358465
1538844700
1911067294
2366697722
729551592
3482431761
4086747052
3819859785
1057199483
2740214442
2102622647
634885424
1199914930
2914798470
4223902769
737809293
4141542985
2748236205
1450685659
2552657588
1076253969
312324395
3414046322
3263563681
419654628
1305574784
2928660726
2910185011
737975958
3510660258
322748656
3877776568
3543952242
3742614021
2138767186
1261287842
1980485048
536665816
2261687134
3091603135
871372042
2301880207
433486530
2883820130
2219594199
3076042639
1746476364
2206625814
2018272185
3071917101
3519667665
3073399859
2762113208
2039420652
3323738982
2277572924
2507279570
2862275663
1284275244
2965398720
3599433683
1645954384
3318228407
1499115301
858273081
4149253316
4164008223
1790038738
3808677612
368067716
2388495681
1243437719
3338861567
4271287497
199991013
2214540542
3017640776
1237814591
778913068
784499502
3937836363
471632930
1845977401
289973971
289504136
3322611495
2150200652
139961002
4236924250
4122785735
2311889746
4189981318
3646936260
1746925694
144259790
1482633617
649990922
2787308583
3289764237
1303396790
318031178
547081389
493131627
3925394865
3794391975
4270703301
4009012755
4212030773
3360233423
3759075407
2625903517
1502026170
4182730211
1086478673
2073114648
3879078340
834268983
3717198896
640698183
3413767540
3865323545
432801434
1094256686
396956501
619788632
4106394061
3439231623
1104611804
2955585209
979355625
3688564435
1847371046
935396159
3542444748
2468610623
359989112
412227564
1600751757
3305223072
2067864379
3161779629
3014066033
2210103068
416510934
1936680223
874591194
1263394923
862770954
3989677492
1325234367
3355580592
1343560630
3876509538
736350906
1648647883
4160842340
525257392
3701688523
3062770475
116411889
2466816729
1267630085
876009230
1752604878
3655214151
3944427645
2256376146
3148290279
1968110946
3101217541
2724470260
1210401266
3538902999
2115464387
2435420341
2964096746
2861906194
3415903726
3094958105
1139807627
3559608739
2402781804
3357668017
524431019
185834209
1740848705
340986486
2404503085
864685906
4219529716
14831184
290263853
162780941
408864258
662156079
288392676
241264841
1828064905
2557318311
3747659278
2096880964
351952197
467328602
3539600641
1860242242
1921159369
235582372
2681052553
574817284
2024197501
84638789
1044603551
3253805452
1116008101
1235055951
1897360046
741644670
3539650544
102647268
2383122720
3545879724
2273572916
3758726196
2063368673
2894464745
3106741102
2126276259
1861449606
3663208671
2500899364
1851502265
2634939303
3926106817
3092711463
630853912
2001935784
1698458867
4033847709
3732280849
2674763579
2886634223
1252357467
4285589069
12159548
805839583
1673237927
395270120
2569227539
103340507
1435283949
1169450054
2869804376
4068465114
1969550397
3563458488
2110327642
2332561202
2262127762
1952153869
2429971669
3554953753
3160789157
676471992
2771709814
3966745787
1078316072
3777204408
2057805682
2731617914
1616999034
1202874763
2741888027
3131769608
441147779
2367603328
1099419654
3868984248
2563660468
851593659
1211396317
1128201131
512065864
2213854129
4165123220
3449078819
4261350720
158080872
1628003296
601410285
1021703459
2905631056
2999886600
3591371058
581846978
4244036641
3662380206
240352375
2213067682
727498548
3422708254
1292094732
4275294764
2292898937
4076180473
2856702740
1768003930
1732636847
4081091754
1236741987
1674387193
3036613093
1265996013
747700715
4234784127
277717289
3718100253
2707458060
1699343073
4291347334
45708036
303372624
3778778311
1961311222
2545181938
2727353559
1902065698
3345554184
3856460043
1424261425
3408242072
747357427
2084874645
3617091192
3192934804
771522798
3569728009
1220276121
3521241403
11649851
2518662734
1755904749
1446219691
414942148
3278912849
3474669795
3292391858
2331805297
3476655343
1509902609
1357834081
3781016416
1488660283
2717375057
2525531680
3015451326
3799096957
65005444
2505736539
2559375878
3518984106
1115763685
370244578
266526866
1439643609
3418323149
3411377586
1613271131
1696233880
689541011
2245197558
1625748259
3408394792
2769448550
3637295248
2903482214
3163603137
2068433651
2086311830
1312212671
3205714733
4151951264
167969454
386342598
1340768454
1793619667
1833492842
1564564481
2268617284
3259100515
1741252629
1549476141
3593923040
3764037487
121542225
4048145701
3633271375
3809441769
1993182750
803152755
2105528308
2262399933
3311681381
1586132751
1214122312
1716391795
2058411186
3846187558
1894131184
1184057687
2405116874
1423410226
2882119754
2817501230
3964614810
2765830996
1998360436
456859651
2415088595
132660107
3951619311
2333582894
1835618382
1667582582
1712731017
2669087662
655150857
4081990057
3416941412
4007089912
1147759026
1323343204
3593017033
1858034952
2845514577
465848425
3134678785
935908352
4234878651
2097974721
856484194
3226567823
159598368
2898280271
2913153231
844008028
3109227008
4091815354
3780005129
1918222032
1402773158
4000565415
3161193356
3677440749
4016126317
388014348
1338577115
4252594145
392062648
3073994703
3909217356
3104872393
4102082115
2324214546
2669241630
15658534
2910759717
285106510
1061512370
1547862629
3629593954
3507007087
261917772
2182406666
3799927982
684360365
2979373110
36554660
1151817940
3313543825
2621571922
2613069445
718122699
1942506976
3425927886
1005151507
3914143209
199953261
3735126411
264165699
1019016512
3758501511
3279599156
1500705041
575267039
735173752
1280202608
981713020
2690966680
3783637196
2796898291
4083726123
1912543873
3977671606
3474778584
2760130380
1656656808
142090942
3569571764
873528852
722407463
3821737158
1326582425
2584023487
2951706496
2531666048
1060178552
1191301653
1641385424
1815128286
238237825
2958546449
1951927018
728772976
140545109
411035277
1039900615
2809503184
2692407521
1016451390
199934085
2966007395
350262704
1101605919
1202698154
2736129497
2659302287
1600017088
3524873945
400162953
3335039918
1294545847
3630562990
2987490641
2894413063
2683473405
802716669
4231562201
718700972
1190088172
485682365
2930539142
4086303752
425444423
786575449
1911685242
2633754298
2536670556
3739822929
4065633305
3418679966
1068868796
1060620520
1320029065
48841442
2779819374
3367954466
605616752
3239683977
132038345
157624057
314936593
3851408595
3361733064
2418267100
3036630655
3137306383
658369121
3956644925
3697149368
172350507
821617056
319863839
252848306
3105194436
1991271217
2632824189
398493832
3372434551
3834926027
224846361
3932305228
863934423
3646687072
3946775704
4274425494
885529787
3976203741
3957717252
2918492915
2806363401
43064816
682605963
3833471823
2201320530
1702754808
2369464663
2198067070
3870738090
3722266677
4257834217
3925808888
1168568293
1289282428
899090693
2335095710
2835396527
1512379534
3867936590
3952662086
3352908237
133426228
2894223575
1469787476
2568594076
876173878
3919344749
1366868069
2890396984
2228420915
1081803780
272769274
1700704415
3459699434
2762572755
3020044381
3262682222
1443697632
1441350554
1603045365
2082003870
1769711647
1615600228
1662104099
2963591940
2854902465
4225123821
1953847154
3871070085
3435579659
4415256
2810884402
1596350621
3956143977
3640022316
2168740545
103949956
760582913
383913804
783738500
125931081
2962913282
4066584176
2441542238
1100858442
1461290031
50950275
2453331457
37939326
3955376030
169308448
3009071761
1517408028
2146935159
2164958634
1685102126
1457546271
4256224724
834940122
1003030788
3368584867
2428448844
2803089071
903755367
896493963
3232789730
587215093
2367855001
2616622911
377434444
1250214220
600718954
4049374105
536024471
4020551759
1061880292
2284236629
2608046932
1788629539
250146350
859727735
772362179
2039067386
1308800298
1874012377
640637293
3900266554
131800559
1564195020
963627501
1530261823
3905394922
4162328460
4171047870
364568068
3690691016
2854068054
778882076
4128045723
203944156
730737655
1740176406
746660789
2813536357
3193791869
2294774508
1041266941
1295604999
664511389
2172440494
1432058662
3688906118
3773974188
3946926559
622250416
1566403474
3992304950
250696976
1821972181
4234805731
1486350721
1508238589
2466162182
3902603835
3307093702
1591395495
2221513613
520776650
2953580941
4062498580
3441825839
3914986493
3641568398
1406370410
2436619366
2113390378
1008945630
2040961005
1830111801
2548832634
2137105901
4132284939
3480044744
3178428103
4119943524
2673405314
4172475102
1384444708
4102941445
3947188542
2680930608
508204569
233264467
1397943491
2091902811
2651875895
2785421358
2730729298
2685082081
3451985606
3327099196
2286251849
3321768938
641881740
446906706
3290338182
3107706324
2609277156
781103057
2509748369
37305590
3870058301
2150899480
1413383128
555800015
1817333925
2212885228
4128807865
873714922
2969899900
4265295186
3075520228
20540647
1652857333
423196684
1265118786
3571496991
2350976053
4019417512
3850582615
3869280020
1316337547
386947395
82002864
475597344
1070665230
295666157
2393315761
2755986044
859886875
370096937
280106896
931322389
1394084121
2742558582
2531803718
2421775155
1006884652
1200310501
3070390185
57994753
1414551494
2923426334
2560999453
374683337
1375761974
2439531312
115966958
2335596139
491815804
2578353316
2635008876
3963647690
3783760843
2470843334
2187992724
3827030073
795531337
1662347426
1362142883
3350451721
1209596506
3283902931
2725394626
1412378812
2177522483
3686256398
4157801592
1761660096
3072395507
399530991
514005889
3278736921
2712937887
3668975637
4192292701
2137596732
1255185562
3761034120
1009610649
146738882
279689249
396086676
2886527325
2689661455
696654416
3975245917
720288755
1314079159
2082819075
70135599
2778219601
1959647781
3230831678
2655701250
3839285486
27769155
2198755271
3255859685
2849799025
3362346323
3327280341
1794673922
1477019260
3101526419
751200695
2759632697
2499553921
4231600874
3427384400
348131697
3594296394
4045638732
572747734
165778875
2383376842
2583175323
1510642158
619329620
855159528
350387631
2088898873
4201163667
3649688178
1598276342
3818954250
659761271
3729626333
3233822314
3607588046
1324639650
3350081971
1045433253
3338009295
2383421622
4053235323
3445668883
2146680801
3205100228
2085561985
4146604953
802580517
3181812401
68744227
2573279089
3139482790
3391513705
334130484
4204840428
2503731783
1129774159
257890772
1963575536
738878929
3269961370
1381384729
2774094611
3114370473
2129779442
2172402675
1586695907
2140783494
407565327
909686738
2870741863
1095826931
1681858470
2765042055
2681961518
1130187065
416858190
2759713499
1452517374
2997270051
1844489859
1565238793
2303695833
4106299215
3506227620
2449302106
2397096489
1011479277
721709315
359373911
1660084002
2224159151
561982095
3194812360
2455692911
4193427130
1554990052
3640864002
2773802854
256371130
1934427084
2693665742
110107283
898262901
3426647248
209636451
138481309
1757342142
903088927
1035070228
2847931032
3402333373
1919914592
2604404560
3071865513
143641105
3847446922
4220570055
3468876426
787312036
1124642930
938976187
2643816264
2499261619
264781224
1737741362
3811249182
2689140459
1149545133
3422381986
494051122
1488228324
2889174863
3367628046
3088211673
240561278
1862560374
519518792
1496637459
3336330618
2345210888
4232751580
510261476
3444919831
2204416957
3161291861
3271728885
2074164361
866642459
2974822770
1672172728
3714540197
2347861912
1426815826
183548059
488586659
439200915
560705046
2561379978
2628315364
3468645052
965432249
3011516610
4060193210
5503476
3717577528
3890521336
2298582195
3095242276
3083463127
1155695289
417616185
2097639194
3984371044
1562746931
2918024473
664851514
2033420915
2606582636
3985878962
976064052
2919703946
1041770363
3107290405
2681296590
2617990895
2697596637
1137998237
2574705976
3539584730
1380953392
376225083
3190418171
2274720605
246080004
3156030927
517229731
2624495175
1670433592
2862245103
1768088481
2537050582
809553
3422862850
3666080395
1661988718
1131679534
1871902597
899840821
234587900
2314490532
1323462579
1037758189
1640880347
1054051189
1317967727
3992134293
3394310780
2804796966
2243967279
911202443
3616602888
1291551025
3013747344
2104603178
1987168115
451997665
3954897447
1697393642
1826985906
1998970899
1853260100
2860192652
788275588
1617067138
4121589880
3218736599
1825056673
949096476
638946344
3888390526
980351678
1260727344
4246770570
2960212836
132681565
741179240
1241823933
1037450076
2911116579
3419856841
3182271736
2762757898
231840454
1995065000
2838026167
3250600310
3622908448
3811885011
1390718640
2310995915
2657898430
1152175192
2227541105
3379243200
3060234968
109012884
1248919408
2111418234
2066155421
3010449991
4033489264
76281517
3165004501
1351111611
2423028892
3976964525
2250057920
4237242005
990514677
3746852241
3783522771
1112266751
144180107
996184916
2232307028
4063315156
3436116449
3127963649
3981773152
1359374181
1308601298
2314473473
210015883
622956713
2175009781
3625298897
3195456406
3622405690
723812981
827794204
2471448026
1435382727
2502647735
199433662
540326925
3618731127
2905905633
1486086905
4173175954
2653827445
2352115761
2540788449
2657888278
2198743464
3941907137
345011641
1372627285
4102451955
368280622
1481072690
2889319254
2369454913
3693269779
639663243
1358892155
2065858322
1304870855
1396293186
2031056678
3156128026
282653865
4138142339
2835765657
2282996449
3585526960
198611943
1175613442
1275066451
3494771618
2689585290
4076696498
2532935137
3351735105
1771095245
1501454450
3298042254
4260831758
3239692917
2303241432
360254893
784426501
2570697474
1142085494
2587346560
2065661482
2475928341
4012284953
1302324773
2355799683
1631300511
4149138740
3761419091
2649152819
1144371644
993942772
1955587431
3796542070
1165999531
2464267017
997446425
582935873
4060559770
321273694
50055560
2227318644
610008005
3652147165
222997232
1343246591
1715317972
4024672829
2347800168
1679378915
3810882945
2963315607
3146883493
1226200330
2323205492
460760671
4166617970
2922247290
1999319695
3823967557
2105210204
945905087
3068435058
745194611
1846695264
2825941095
3895918302
2521170123
392000741
4247645701
3430072860
2266200356
1850873509
2860822901
805951476
257274753
2403876605
482748222
831046271
1725833231
1251087810
2157973439
1941418113
914005457
762396830
461725547
1957546036
3984693655
1289506202
425850625
1595081883
1554177658
1402545842
1152228778
897207368
2985377091
2535234700
4072278895
810558266
3948988875
2711769359
2588059490
2204711431
3277168544
3924477344
1194090435
4122773578
540575388
3084396371
238557988
1505088699
800232182
219658566
1173590816
1159586156
1901826594
2932364004
2103247557
3147665110
1939908124
2928404902
975646198
2103016135
2042370527
3202696897
988993863
974811404
315659168
3756984192
3231885456
3427628153
1744942049
1114122634
1411979747
1001438269
2719919797
2372758832
1325804959
129789249
3545928879
2273665852
1402457018
1186737261
2599072235
2391115326
793897817
1713725132
72873265
2449909965
1879097378
1506653745
3788602498
2752727671
2920179330
76061964
3088027816
3102976621
2479434406
2680927467
901582305
450185559
3775538453
446424439
1684034430
2213947215
4134475305
2349160963
4219450543
1308932036
3538109152
3644772798
2252782052
2580227865
1173761865
428888963
763342925
2665785488
2934595671
4198007142
2084645746
622818297
2352107998
1081522595
767183492
3279377323
2283601390
79184603
1731314296
684876736
776221957
1714345878
3985030340
3711862840
1687824692
2590806209
809085501
3544198072
4137810326
2040117681
2190241462
2096527647
2514051855
4007738527
1812187845
1005966649
3005325197
155182544
4114394786
2617402799
3484496959
567054600
2899938067
3086174840
2078488999
2124875835
1624267612
1199580116
4203168600
2466525994
2482144496
609922969
4042948227
3517048330
2055166934
281759469
4237844102
856489936
3668343889
1054610149
2621752963
329229477
1594566270
160723617
3739229828
1566460257
3432935240
1791669701
895637921
309348223
3889706494
906986879
3228679467
3152420971
2992035596
3998385447
2139178865
232572786
2919778116
2568907444
3837957899
2213889870
1745620802
3695230276
1053107210
498471913
3036499079
3549082752
3443426546
2190168227
1145530000
1468299585
3150232041
2907865656
1487152170
2907533820
1099952565
60074137
1821652172
431880901
2281053898
1946235076
2868655961
2281937868
4077587685
3962899666
1920676545
1905444872
2742844032
812250723
2668182133
2385586232
1855050652
1001611016
2890454080
1080234228
1104687288
2443801378
736310464
897323232
188539666
4200176991
1717544208
1850662483
3431322799
2563678344
2381179757
1179703367
531781830
192814052
296779972
2992386002
2132148606
2604284685
2683277664
730448229
3524096187
646307805
969894954
3807045255
1999438277
3502289734
3609861972
1397832360
1674488714
2786853227
1047098752
132143966
4283997022
509369254
875232935
2141339704
3660071618
4044769065
2721699419
3508936729
3255808251
682633871
3371055337
3348211110
4156708614
817532200
3957043645
2017772501
2587480951
2213797589
171127618
561531389
4230501302
1087088594
1444405598
3294156151
3424390403
2521268600
3609446784
246931908
2090343035
17430695
2857113879
2183969863
4263605159
2309903382
960984660
1552137910
3723523703
2789205238
2412491755
3220439399
3188512392
413548408
536031335
2080414381
3258722042
152825416
1826790008
1008112052
2450259191
3720543599
3118405530
1647736485
735373452
1707892974
3960422478
2974176731
832229349
2550094718
630028010
3820930912
3018480295
2470805815
2323155757
1495657406
3687337849
2754209898
4047183848
123180774
1536485051
3379579764
355079207
63831869
1591367410
192632438
1426908139
3559076744
1789268538
314735145
220353172
2790444343
2205229018
78048649
488038488
2566230358
1134439932
3247343621
889133394
2910021888
390539486
896196863
1370649596
2522742043
1330902322
2247454290
3090326428
379599265
4067764125
4035414205
1899210540
1625297821
3402082049
3158673421
1920538461
1534566081
3160290757
1995458386
4179417813
4110281191
1783101389
2505911870
2002062026
1202960016
767542610
945666980
479114471
3536423324
3559748712
3306005159
859738279
2383724936
1865433013
2688976503
984086049
652754095
476332903
3393500156
3828611449
3494182973
3516248087
2749053845
3836426712
3939232339
3180287692
953980289
1284917976
1011027921
3729411794
3054445582
2671831223
3975359062
4134890143
2924813409
564155317
1189896696
3537581147
3052968105
841945184
250840932
1759045155
1175353294
1821977829
3647743598
3287913069
589066877
3160397522
29975693
3742131995
2109316055
17112067
1072083862
4079351927
4193048483
3565316703
2651262236
3730734722
1390812010
2973885193
3342730708
3981877357
635548652
2875068382
837839720
3563316501
1713414650
2666230403
4153366801
1412773895
4202860824
682603301
3998647482
1837304568
2780703433
1409321790
3569275983
210087848
4063679096
2820131475
3597940815
2630968977
3017819741
2328207770
4275959301
4006296592
3893162127
3654438735
1349060671
1993376660
3559531926
539396092
863168032
1241531762
2049651735
1349676252
990069930
3929101938
337673892
2529383958
42268796
3338680419
3560564912
3406591530
3575916610
2375870651
71123852
1115625737
3774988945
1121764037
4157970232
3250345623
2419370973
1631662313
3590481015
454023974
10490295
4273700252
185102814
4177816757
747660140
1539230921
3439564975
757009394
4047199089
3702797273
339980848
3671004773
1634984769
610213508
1522129232
3891760197
1402626886
3072739667
2497285362
3876500967
1762460942
3186158541
2292529534
1036068596
216466503
4091758357
4076466223
1940844890
2243468798
521267435
2758149850
766240544
388213623
1646321193
3554895881
1619392020
423286726
2989945358
3197163485
1738535043
2568834380
3750816775
4120822378
3471960740
1303149497
3968898065
1742014807
2870806482
4064923691
2687752939
3410863507
3760234782
3735665518
2630675956
2376709431
2744402530
1981230120
3937000970
2465020956
3823026820
3815938445
960868278
4060602941
1588703715
1636931857
2539530420
3180581592
2997265677
1872503140
3692775342
2629854436
3611299215
911689849
860405061
3255602139
845158729
36121072
2129941727
2088789697
2506295896
2197038821
2803143156
3422110470
895711718
3255186469
1708293143
1179633546
1634999752
3118895519
2668798807
2791706437
1585679491
1520484213
820580797
1523351081
628456012
4030044099
3246820817
2021782161
1378900430
430039419
166007432
1227721616
3351365994
2330843471
768121035
546773375
1578482874
3794361336
2733412738
1285951980
3952776132
2343864817
358659040
353176212
3427648370
2987409009
1669880995
782000576
1250707248
1133054157
1493810083
404291819
103050413
1947492903
875926194
4254220025
531695309
2693890723
1315077
2765560890
1756229589
262286842
2073259800
2817820357
1943789047
2286436921
2158797528
1647844557
3070427512
1297848947
17223993
1754634321
3126382304
243351899
3186672110
836530394
114717228
842781216
632178396
667717480
2106887552
3497762524
2213620396
2158918215
75977227
419811850
2015145819
1610936332
84688070
3863622332
3696477930
2425048670
3770523332
646979232
2995933034
1578716954
791063065
2643088353
1324391797
3366005945
1252845740
272252248
2329308206
1093739201
1282456299
1892093484
2809044774
1627418168
3816036779
4160938222
3423562057
1878630032
327905435
4134090482
2140629833
550856984
4106724956
4267982740
1257433588
838036350
3502265013
3213560744
1800217515
2385943771
2195374760
1254100268
3430662890
2167400622
182085713
269178783
3663667490
1566496135
2242458079
882723297
2430060872
2501333024
1796055043
4027848498
941078590
2508615371
1329690387
3426836828
2871057674
2948175451
1213481713
2274131739
2325493199
2971590192
2133814798
388301290
325455834
1005082018
3376433812
1682372015
1051741058
2689614209
254794570
900259216
3065962003
2128302264
1959441062
1660607388
4073828488
784685953
2827525969
335257681
3756112529
3867143914
2187513463
3016649464
3860960983
3701096243
2930395549
3697659254
1228898907
1481746654
733346668
2818943141
2713755552
1084353242
3449474345
548068807
3857662596
88194196
1352372847
506123000
997346337
2880044529
1290986002
3938257050
757553186
3820443175
220640028
1896469114
178196915
1304174037
650114760
4002443162
1248850034
1294602499
2206887741
2175657286
2236771192
65792002
2682099771
3485909011
4057159975
4261727800
2600443306
3880795218
2022116646
4270898074
2857667443
2674102685
2248685535
3205161579
3214516093
3604486991
2249413820
1410452776
841108946
1706791014
1879077185
2299026141
1456668258
3180541641
4262230252
1232296541
3462905972
1534285922
2626874216
2457360863
3065478910
1833588593
3458368349
2686632624
3134006197
2809902101
2463716210
4233954133
15377294
2328081393
2539656083
1159226960
968593445
1103931989
3844040237
2015640936
252583463
3964719747
3566014732
3110138373
2356741442
1163068236
699307090
3904677606
555130045
1250557938
2132063360
2726681876
376330521
793809542
3904989944
2075614517
2826787276
1872012874
545447497
2393863938
4225647150
2152744820
2686020233
4238474785
2299729698
2421265396
2754408165
2175663523
1050945876
1196113209
780513443
1796302624
1689344193
2579202804
2704915394
2646754892
2764294345
1901073638
718753267
515063282
1891467983
2410964216
4275652810
2407010552
415665405
30638218
3623072153
3337998872
1441195792
1772189173
1809430814
563674781
3619918449
1435695707
2543483915
2872860692
2185637073
2251769189
2015945554
499474373
3216617468
1782763511
2489024016
2345272742
1701013633
1561286750
2401700459
1819028521
3785680183
469768344
2524404709
78634607
2559272072
2521521755
3590450269
3083843520
798103841
1365775039
3501410767
906660461
627378061
466802090
2118920797
3160043266
2528362276
186139964
3095585231
2369318351
734319679
3054856518
4053971211
3710948957
3435249262
3248152698
851012425
3899301197
355326218
2248548662
1217761145
3161621679
2263087510
3120884000
3629522492
2962736844
1022047905
2733841628
820474608
3358892692
643363874
3291173497
609500929
413844520
1812232121
4000464307
1389089498
3654136640
3860356505
2905737988
3138551470
2873885904
4273929242
286100632
4036782119
41376405
4026895381
1392252005
278850480
2426501762
717263809
86787159
930941067
46443863
2598650174
1143246489
2698060092
3564873713
1773687999
25112333
1860046557
2832929099
2964408354
2243377471
317529134
1506084529
3650079533
2482315932
120584204
3399585270
3391170403
3965601697
3451242121
3767449131
263981515
917256490
62853841
4219622135
3277753888
3551491312
497325902
4262537162
3112648063
3217186657
1114423362
311011996
3685389562
1700798423
1058329406
670361012
2963560252
2199691858
209743244
854218246
2689507174
1799612146
2013720281
2688551418
3248655453
1331162942
1005620838
1743953507
1356876530
1706234870
3260581026
2087309872
3946732087
2877841010
8782701
1740083950
4074090820
3414444451
1675073545
3708958862
2927874421
1679759485
3624105680
2213059753
1193610859
4050457155
1893881715
3065459620
168647894
3731171395
1281665005
3005383868
897735093
4129931930
2862119379
2339171245
2918138060
783618620
2708013748
404938740
1851569781
3042536498
2552938256
712678048
1736020484
2573209268
1879845549
1955631669
827935783
665009138
2025833203
646318167
3645333894
3764491278
894146811
4151430446
3592712362
562025451
3471535158
4174599983
2163432155
3795142295
2121679423
3523860058
3022998597
941842708
108418076
4150216102
2504744464
4226636672
4085297703
2935759779
967225062
424525778
2158372417
1563325151
1907532369
3531252166
899386830
617531502
3406256678
2769655300
2690110927
3334344621
409284523
3633131666
3259261915
3527425595
3690781077
1971562502
3043425204
1205942506
268650645
1616606226
2530780556
762680402
289052483
725924328
3392291411
4141830557
3244076233
3527009057
1474249418
2934903646
1044851549
1283972790
577078986
1705604320
1679673024
1295526145
1050689925
734565494
1655020191
1468927188
710257438
3523115876
870098314
1199748497
1302972578
2437333079
4180860322
1355136630
3007986086
3417980382
2422899650
1703750879
3633021394
3578461763
603871654
3034415754
1678614299
823053559
4182118885
1083749825
3231939431
573799753
806725722
231820225
3213280341
807060962
4043071527
821505174
519506170
4136071139
1702155720
1975057143
1514572065
2956406024
4091260255
2646130185
1116490080
1323790425
1578647872
1832598686
1737842349
2200690777
3277086159
256200630
1145064684
224292110
1786027098
3091825887
78662874
943126188
3264179671
331687954
2601133829
109951669
1051531513
1921021051
930126014
1763490870
16660780
2016596661
4007170163
3804809356
627059202
4209482772
4163887706
102034425
904539493
34805640
3431731161
91736980
3268232960
1507586163
3039896264
2791463470
2411921611
2513592340
3761895260
2720968657
3287527770
3933242421
2003352942
4019479677
256213161
3040689476
3886336553
3332093758
3824023671
3212100673
459504738
3268724008
2584629079
2365788125
2996373566
3474383310
2160480102
1171410766
3138336999
1932935261
987331660
1331258516
2898375811
1879222098
3367125971
3558731841
529391561
3832772342
448810392
942421646
322784003
899135106
2331818372
3015111799
1916678681
1039156969
4267355770
4089007742
1202947990
1460474979
2586080412
2622140924
1874835611
967382747
3905936493
2649583238
341820244
1742427797
906670739
4098155444
834850022
1954307629
1975006191
1502300414
3798032488
3584517276
1310037184
2909529496
1199876580
438118741
131689649
982574902
3195614642
1104132424
292643722
3934787636
1619875423
